Determining if the pthread_create exist failed with the following output:
Change Dir: /home/matthieu/catkin_ws/build/CMakeFiles/CMakeTmp

Run Build Command:"/usr/bin/make" "cmTC_fb235/fast"
/usr/bin/make -f CMakeFiles/cmTC_fb235.dir/build.make CMakeFiles/cmTC_fb235.dir/build
make[1] : on entre dans le répertoire « /home/matthieu/catkin_ws/build/CMakeFiles/CMakeTmp »
Building C object CMakeFiles/cmTC_fb235.dir/CheckSymbolExists.c.o
/usr/bin/cc     -o CMakeFiles/cmTC_fb235.dir/CheckSymbolExists.c.o   -c /home/matthieu/catkin_ws/build/CMakeFiles/CMakeTmp/CheckSymbolExists.c
Linking C executable cmTC_fb235
/usr/bin/cmake -E cmake_link_script CMakeFiles/cmTC_fb235.dir/link.txt --verbose=1
/usr/bin/cc       CMakeFiles/cmTC_fb235.dir/CheckSymbolExists.c.o  -o cmTC_fb235 -rdynamic 
CMakeFiles/cmTC_fb235.dir/CheckSymbolExists.c.o : Dans la fonction « main » :
CheckSymbolExists.c:(.text+0x16) : référence indéfinie vers « pthread_create »
collect2: error: ld returned 1 exit status
CMakeFiles/cmTC_fb235.dir/build.make:97 : la recette pour la cible « cmTC_fb235 » a échouée
make[1]: *** [cmTC_fb235] Erreur 1
make[1] : on quitte le répertoire « /home/matthieu/catkin_ws/build/CMakeFiles/CMakeTmp »
Makefile:126 : la recette pour la cible « cmTC_fb235/fast » a échouée
make: *** [cmTC_fb235/fast] Erreur 2

File /home/matthieu/catkin_ws/build/CMakeFiles/CMakeTmp/CheckSymbolExists.c:
/* */
#include <pthread.h>

int main(int argc, char** argv)
{
  (void)argv;
#ifndef pthread_create
  return ((int*)(&pthread_create))[argc];
#else
  (void)argc;
  return 0;
#endif
}

Determining if the function pthread_create exists in the pthreads failed with the following output:
Change Dir: /home/matthieu/catkin_ws/build/CMakeFiles/CMakeTmp

Run Build Command:"/usr/bin/make" "cmTC_2072e/fast"
/usr/bin/make -f CMakeFiles/cmTC_2072e.dir/build.make CMakeFiles/cmTC_2072e.dir/build
make[1] : on entre dans le répertoire « /home/matthieu/catkin_ws/build/CMakeFiles/CMakeTmp »
Building C object CMakeFiles/cmTC_2072e.dir/CheckFunctionExists.c.o
/usr/bin/cc    -DCHECK_FUNCTION_EXISTS=pthread_create   -o CMakeFiles/cmTC_2072e.dir/CheckFunctionExists.c.o   -c /usr/share/cmake-3.5/Modules/CheckFunctionExists.c
Linking C executable cmTC_2072e
/usr/bin/cmake -E cmake_link_script CMakeFiles/cmTC_2072e.dir/link.txt --verbose=1
/usr/bin/cc   -DCHECK_FUNCTION_EXISTS=pthread_create    CMakeFiles/cmTC_2072e.dir/CheckFunctionExists.c.o  -o cmTC_2072e -rdynamic -lpthreads 
/usr/bin/ld : ne peut trouver -lpthreads
collect2: error: ld returned 1 exit status
CMakeFiles/cmTC_2072e.dir/build.make:97 : la recette pour la cible « cmTC_2072e » a échouée
make[1]: *** [cmTC_2072e] Erreur 1
make[1] : on quitte le répertoire « /home/matthieu/catkin_ws/build/CMakeFiles/CMakeTmp »
Makefile:126 : la recette pour la cible « cmTC_2072e/fast » a échouée
make: *** [cmTC_2072e/fast] Erreur 2


